<?xml version="1.0" encoding="UTF-8"?>
<robot generator="Robot 6.0.2 (Python 3.11.1 on win32)" generated="20230131 17:29:02.739" rpa="false" schemaversion="3">
<suite id="s1" name="Testcase" source="D:\QA\digitize-robot\src\tests\testcase.robot">
<test id="s1-t1" name="Login User" line="14">
<kw name="Login" library="login">
<kw name="Open Browser" library="Selenium2Library">
<arg>${machane_url}</arg>
<arg>chrome</arg>
<doc>Opens a new browser instance to the optional ``url``.</doc>
<msg timestamp="20230131 17:29:02.953" level="INFO">Opening browser 'chrome' to base url 'https://uatdigital.wingmoney.com:442/dashboard'.</msg>
<status status="PASS" starttime="20230131 17:29:02.953" endtime="20230131 17:29:05.119"/>
</kw>
<kw name="Maximize Browser Window" library="Selenium2Library">
<doc>Maximizes current browser window.</doc>
<status status="PASS" starttime="20230131 17:29:05.119" endtime="20230131 17:29:05.272"/>
</kw>
<kw name="Wait Until Element Is Visible" library="Selenium2Library">
<arg>xpath=//h2[@class='font-weight-bold mt-4 text--darken-2']</arg>
<doc>Waits until the element ``locator`` is visible.</doc>
<status status="PASS" starttime="20230131 17:29:05.272" endtime="20230131 17:29:05.299"/>
</kw>
<kw name="Input Text" library="Selenium2Library">
<arg>xpath=//input[@type='text']</arg>
<arg>${usrname}</arg>
<doc>Types the given ``text`` into the text field identified by ``locator``.</doc>
<msg timestamp="20230131 17:29:05.300" level="INFO">Typing text 'sokpheak.seng' into text field 'xpath=//input[@type='text']'.</msg>
<status status="PASS" starttime="20230131 17:29:05.299" endtime="20230131 17:29:05.468"/>
</kw>
<kw name="Input Password" library="Selenium2Library">
<arg>xpath=//input[@type='password']</arg>
<arg>${pssword}</arg>
<doc>Types the given password into the text field identified by ``locator``.</doc>
<msg timestamp="20230131 17:29:05.468" level="INFO">Typing password into text field 'xpath=//input[@type='password']'.</msg>
<msg timestamp="20230131 17:29:05.499" level="INFO">Temporally setting log level to: NONE</msg>
<msg timestamp="20230131 17:29:05.660" level="INFO">Log level changed from NONE to INFO.</msg>
<status status="PASS" starttime="20230131 17:29:05.468" endtime="20230131 17:29:05.660"/>
</kw>
<kw name="Click Button" library="Selenium2Library">
<arg>xpath=//button[@type='submit']</arg>
<doc>Clicks the button identified by ``locator``.</doc>
<msg timestamp="20230131 17:29:05.662" level="INFO">Clicking button 'xpath=//button[@type='submit']'.</msg>
<status status="PASS" starttime="20230131 17:29:05.661" endtime="20230131 17:29:05.771"/>
</kw>
<kw name="Sleep" library="BuiltIn">
<arg>2s</arg>
<doc>Pauses the test executed for the given time.</doc>
<msg timestamp="20230131 17:29:07.772" level="INFO">Slept 2 seconds</msg>
<status status="PASS" starttime="20230131 17:29:05.771" endtime="20230131 17:29:07.772"/>
</kw>
<status status="PASS" starttime="20230131 17:29:02.953" endtime="20230131 17:29:07.773"/>
</kw>
<status status="PASS" starttime="20230131 17:29:02.952" endtime="20230131 17:29:07.774"/>
</test>
<doc>Digitize testing web application.</doc>
<status status="PASS" starttime="20230131 17:29:02.741" endtime="20230131 17:29:07.777"/>
</suite>
<statistics>
<total>
<stat pass="1" fail="0" skip="0">All Tests</stat>
</total>
<tag>
</tag>
<suite>
<stat pass="1" fail="0" skip="0" id="s1" name="Testcase">Testcase</stat>
</suite>
</statistics>
<errors>
<msg timestamp="20230131 17:29:02.943" level="ERROR">Error in file 'D:\QA\digitize-robot\src\components\text-input.robot' on line 2: Creating keyword 'TextInput' failed: Invalid argument specification: Invalid argument syntax '${elm-text-input} ${usrname}'.</msg>
<msg timestamp="20230131 17:29:02.944" level="ERROR">Error in file 'D:\QA\digitize-robot\src\tests\testcase.robot' on line 4: Resource file '..\..\src\keywords\logout.robot' does not exist.</msg>
</errors>
</robot>
